<?xml version="1.0" encoding="UTF-8"?>
<!-- Generated by org.testng.reporters.JUnitXMLReporter -->
<testsuite hostname="DESKTOP-OTOQ5TQ" ignored="0" name="browsertest" tests="3" failures="0" timestamp="23 五月 2018 15:20:27 GMT" time="30.391" errors="0">
  <testcase name="browser" time="8.714" classname="cases.BrowserTest"/>
  <testcase name="browser" time="8.635" classname="cases.BrowserTest"/>
  <testcase name="browser" time="8.742" classname="cases.BrowserTest"/>
</testsuite> <!-- browsertest -->
